<?xml version="1.0" encoding="UTF-8"?>
<testsuite xmlns:xsi="http://www.w3.org/2001/XMLSchema-instance" xsi:noNamespaceSchemaLocation="https://maven.apache.org/surefire/maven-surefire-plugin/xsd/surefire-test-report.xsd" name="com.supermarket.CheckoutTest" time="0.071" tests="6" errors="0" skipped="0" failures="0">
  <properties>
[...]
</properties>
  <testcase name="testCalculateTotalSpecialPrice" classname="com.supermarket.CheckoutTest" time="0.019"/>
  <testcase name="testCheckInventory" classname="com.supermarket.CheckoutTest" time="0.004"/>
  <testcase name="testScan" classname="com.supermarket.CheckoutTest" time="0.004"/>
  <testcase name="testCalculateTotalInvalidInventory" classname="com.supermarket.CheckoutTest" time="0.005"/>
  <testcase name="testCheckInventoryInvalidItem" classname="com.supermarket.CheckoutTest" time="0.005"/>
  <testcase name="testCalculatePrice" classname="com.supermarket.CheckoutTest" time="0.003"/>
</testsuite>